<?xml version="1.0" encoding="UTF-8"?>
<!-- Generated by org.testng.reporters.JUnitReportReporter -->
<testsuite skipped="0" hostname="DESKTOP-6BNNDAD" name="testng.LoginNG" tests="1" failures="0" timestamp="03 Oct 2018 08:40:55 GMT" time="29.769" errors="0">
  <testcase name="loginto" time="29.769" classname="testng.LoginNG"/>
</testsuite> <!-- testng.LoginNG -->
